/tassel-5-standalone/lib/ahocorasick-0.2.4.jar:/tassel-5-standalone/lib/biojava-alignment-4.0.0.jar:/tassel-5-standalone/lib/biojava-core-4.0.0.jar:/tassel-5-standalone/lib/biojava-phylo-4.0.0.jar:/tassel-5-standalone/lib/colt-1.2.0.jar:/tassel-5-standalone/lib/commons-codec-1.10.jar:/tassel-5-standalone/lib/commons-math3-3.4.1.jar:/tassel-5-standalone/lib/ejml-0.23.jar:/tassel-5-standalone/lib/fastutil-8.2.2.jar:/tassel-5-standalone/lib/forester-1.038.jar:/tassel-5-standalone/lib/gs-core-1.3.jar:/tassel-5-standalone/lib/gs-ui-1.3.jar:/tassel-5-standalone/lib/guava-22.0.jar:/tassel-5-standalone/lib/htsjdk-2.19.0.jar:/tassel-5-standalone/lib/itextpdf-5.1.0.jar:/tassel-5-standalone/lib/javax.json-1.0.4.jar:/tassel-5-standalone/lib/jcommon-1.0.23.jar:/tassel-5-standalone/lib/jfreechart-1.0.19.jar:/tassel-5-standalone/lib/jfreesvg-3.2.jar:/tassel-5-standalone/lib/jhdf5-14.12.5.jar:/tassel-5-standalone/lib/json-simple-1.1.1.jar:/tassel-5-standalone/lib/junit-4.10.jar:/tassel-5-standalone/lib/kotlin-stdlib-1.3.50.jar:/tassel-5-standalone/lib/kotlinx-coroutines-core-1.3.0.jar:/tassel-5-standalone/lib/log4j-1.2.13.jar:/tassel-5-standalone/lib/mail-1.4.jar:/tassel-5-standalone/lib/phg.jar:/tassel-5-standalone/lib/postgresql-9.4-1201.jdbc41.jar:/tassel-5-standalone/lib/scala-library-2.10.1.jar:/tassel-5-standalone/lib/slf4j-api-1.7.10.jar:/tassel-5-standalone/lib/slf4j-simple-1.7.10.jar:/tassel-5-standalone/lib/snappy-java-1.1.1.6.jar:/tassel-5-standalone/lib/sqlite-jdbc-3.8.5-pre1.jar:/tassel-5-standalone/lib/trove-3.0.3.jar:/tassel-5-standalone/sTASSEL.jar
Memory Settings: -Xms512m -Xmx60G
Tassel Pipeline Arguments: -debug -GetDBConnectionPlugin -config /tempFileDir/data/config.txt -create true -endPlugin -LoadGenomeIntervalsToPHGdbPlugin -ref /tempFileDir/data/reference/reference.fa -anchors /tempFileDir/answer/intervals.bed -genomeData /tempFileDir/data/ref_load_data.txt -outputDir /tempFileDir/outputDir -endPlugin
[main] INFO net.maizegenetics.tassel.TasselLogging - Tassel Version: 5.2.60  Date: February 20, 2020
[main] INFO net.maizegenetics.tassel.TasselLogging - Max Available Memory Reported by JVM: 54613 MB
[main] INFO net.maizegenetics.tassel.TasselLogging - Java Version: 1.8.0_191
[main] INFO net.maizegenetics.tassel.TasselLogging - OS: Linux
[main] INFO net.maizegenetics.tassel.TasselLogging - Number of Processors: 16
[main] INFO net.maizegenetics.pipeline.TasselPipeline - Tassel Pipeline Arguments: [-fork1, -GetDBConnectionPlugin, -config, /tempFileDir/data/config.txt, -create, true, -endPlugin, -LoadGenomeIntervalsToPHGdbPlugin, -ref, /tempFileDir/data/reference/reference.fa, -anchors, /tempFileDir/answer/intervals.bed, -genomeData, /tempFileDir/data/ref_load_data.txt, -outputDir, /tempFileDir/outputDir, -endPlugin, -runfork1]
net.maizegenetics.pangenome.db_loading.GetDBConnectionPlugin
   net.maizegenetics.pangenome.db_loading.LoadGenomeIntervalsToPHGdbPlugin
[pool-1-thread-1] INFO net.maizegenetics.plugindef.AbstractPlugin - Starting net.maizegenetics.pangenome.db_loading.GetDBConnectionPlugin: time: Feb 28, 2020 20:54:14
[pool-1-thread-1] INFO net.maizegenetics.plugindef.AbstractPlugin - 
GetDBConnectionPlugin Parameters
config: /tempFileDir/data/config.txt
create: true

[pool-1-thread-1] INFO net.maizegenetics.pangenome.db_loading.DBLoadingUtils - first connection: dbName from config file = /tempFileDir/outputDir/group3_wheat1A1B1D.db host: localHost user: sqlite type: sqlite
[pool-1-thread-1] INFO net.maizegenetics.pangenome.db_loading.DBLoadingUtils - 
deleting old db

[pool-1-thread-1] INFO net.maizegenetics.pangenome.db_loading.DBLoadingUtils - Database URL: jdbc:sqlite:/tempFileDir/outputDir/group3_wheat1A1B1D.db
[pool-1-thread-1] INFO net.maizegenetics.pangenome.db_loading.DBLoadingUtils - Database does not exist, creating new with schema: -- Table: reference_ranges 
-- This data pertains to the reference
-- The table links with the ref_range_ref_range_method table 
-- Different reference_ranges can be grouped together to form
-- focus groups.  The initial groups are "focus" from the user supplied
-- interval bed file, and non-focus, the remaining genomes ranges not
-- covered in the initial bed file.

CREATE TABLE reference_ranges (
    ref_range_id INTEGER PRIMARY KEY,
    chrom	TEXT,   
    range_start INTEGER NOT NULL,
    range_end INTEGER NOT NULL,
    UNIQUE (chrom,range_start)
);

--Table: ref_range_ref_range_method
CREATE TABLE ref_range_ref_range_method (
    method_id INTEGER NOT NULL,
    ref_range_id INTEGER NOT NULL,
    FOREIGN KEY (method_id) REFERENCES methods(method_id),
    FOREIGN KEY (ref_range_id) REFERENCES reference_ranges(ref_range_id)
);

-- Table: Edge
-- Holds edge information between anchor_haplotypes
-- fields "is_id1_anchor" and "is_id2_anchor" indicate if the 
-- specified node is an anchor (true) or an inter-anchor node.
CREATE TABLE edge (
   edge_id INTEGER PRIMARY KEY,
   anchor_haplotype_id1 INTEGER,
   anchor_haplotype_id2 INTEGER,
   is_id1_anchor BOOLEAN,
   is_id2_anchor BOOLEAN,
   method_id INTEGER,
   quality_score FLOAT,
   FOREIGN KEY (anchor_haplotype_id1) REFERENCES haployptes(haplotypes_id),
   FOREIGN KEY (anchor_haplotype_id2) REFERENCES haplotypes(haplotypes_id),
   FOREIGN KEY (method_id) REFERENCES methods(method_id)
);
-- Table: genotypes
-- Not everything that goes into this will 
-- be lines (essentially haploids)
-- The "line_data" field is created to allow
-- additional descriptions about the line.  THis is
-- especially useful if the line is a reference line.
-- Store in here AGPVx and other data.

CREATE TABLE genotypes (
    genoid INTEGER   PRIMARY KEY,
    ploidy INTEGER NOT NULL,
    is_reference BOOLEAN,
    line_name TEXT NOT NULL UNIQUE,
    line_data TEXT,
    isPhasedAcrossGenes BOOLEAN,
    isPhasedAcrossChromosomes BOOLEAN
);

-- Table: gametes
-- Only gametes are phased
-- hapNumber: generally 0 or 1.  Inbreds all 0, 
-- diploid heterozygous 0 (from mom) or 1 (from dad)
CREATE TABLE gametes (
    gameteid INTEGER PRIMARY KEY,
    genoid INTEGER NOT NULL,
    hapNumber INTEGER NOT NULL,
    phasingConfidence FLOAT,
    UNIQUE (genoid,hapNumber),
    FOREIGN KEY (genoid) REFERENCES genotypes(genoid)
);

-- Table: gamete_groups
-- Defines a groupg of gametes which map to a sequence
-- THe List_hash is created by taking the SHA1 has value of
-- a comma separated ordered list of the gametids
CREATE TABLE gamete_groups (
    gamete_grp_id INTEGER PRIMARY KEY,
    list_hash TEXT
);

--TABLE gamete_haplotypes:
-- Table linking gametids to a gamete_group
-- Each gamete will belong to multiple groups, including
-- groups consisting of just the individual gamete id
CREATE TABLE gamete_haplotypes (
    gameteid INTEGER,
    gamete_grp_id INTEGER,
    UNIQUE(gameteid,gamete_grp_id)
);
CREATE INDEX gamete_haplotypes_gamete_grp_id_index ON gamete_haplotypes (gamete_grp_id);

-- Table: haplotypes
-- sequence has been gzipped - accesss from java/kotlin as byte array, then decompress
-- the variant_list will be used for easy access to SNPs
CREATE TABLE haplotypes (
    haplotypes_id INTEGER PRIMARY KEY,
    gamete_grp_id INTEGER,
    ref_range_id INTEGER NOT NULL,
    sequence BLOB,
    seq_len INTEGER,
    seq_hash text,
    method_id INTEGER,
    variant_list BLOB,
    UNIQUE (gamete_grp_id, ref_range_id, method_id),
    FOREIGN KEY (ref_range_id) REFERENCES reference_ranges(ref_range_id),
    FOREIGN KEY (method_id) REFERENCES methods(method_id)
);
CREATE INDEX haplotypes_method_id_index ON haplotypes (method_id);
CREATE INDEX haplotypes_ref_range_id_index ON haplotypes (ref_range_id);

-- Table: variant_mapping
-- The haplotypes table variant_list field is a blob of longs that
-- contains the variant_id from this table
CREATE TABLE variants(
    variant_id INTEGER PRIMARY KEY,
    chrom TEXT,
    position INTEGER,
    ref_allele_id INTEGER NOT NULL,
    alt_allele_id INTEGER,
    anc_id INTEGER,
    UNIQUE (chrom, position, ref_allele_id, alt_allele_id),
    FOREIGN KEY (ref_allele_id) REFERENCES alleles(allele_id),
    FOREIGN KEY (alt_allele_id) REFERENCES alleles(allele_id)
);

-- Table: alleles
-- Contains data an each allele found in the db
-- allele_hash is MD5 hash of the allele_string
CREATE TABLE alleles (
    allele_id INTEGER PRIMARY KEY,
    allele_string BLOB,
    allele_hash TEXT UNIQUE,
    display_string TEXT,
    len INTEGER 
);

-- Method used to create the anchors, the alignments, the edges
-- and the consensus anchors.
-- description should include program run, e.g. BLAST,
-- method of handling hets, when to drop things, etc
-- The method_type field should be the table name for which
-- the method applies (ie, if this method is for
-- anchors/gametes, alignment(msa), consensus_anchors, edge)
CREATE TABLE methods (
   method_id INTEGER PRIMARY KEY,
   method_type INTEGER,
   name TEXT UNIQUE,
   description TEXT   
);

-- read_mapping table: The "mapping_data" reflects all haplotype ids
-- hit by each read.
-- method_id is the method used when creating the read_mapping
-- file_group_name from the fastq file - taken from the key file (flowcell, lane, etc)
CREATE TABLE read_mapping (
   read_mapping_id INTEGER PRIMARY KEY,
   genoid INTEGER,
   method_id INTEGER,
   file_group_name TEXT,
   mapping_data BLOB
);
CREATE UNIQUE INDEX read_mapping_idx on read_mapping (genoid, method_id, file_group_name);
CREATE INDEX read_mapping_genoid_idx on read_mapping (genoid);

-- links the read_mapping and paths tables
-- path_id maps to paths.path_id
-- read_mapping_id maps to read_mapping.read_mapping_id
CREATE TABLE read_mapping_paths (
   read_mapping_id INTEGER,
   path_id INTEGER,
   UNIQUE(read_mapping_id,path_id)
);


-- Haplotype_counts table: The "data" will be an nx3 array
-- of [hapid, inclusion count, exclusion count], condensed to a
-- byte array, stored in a BLOB
-- method_id is the method used when creating the haplotype counts
CREATE TABLE haplotype_counts (
   haplotype_counts_id INTEGER PRIMARY KEY,
   genoid INTEGER,
   method_id INTEGER,
   fastq_file TEXT,
   data BLOB
);

-- Paths table:  The haplotype_paths will be an
-- array list of [hapid1, hapid2], ordered by ref range,
-- condensed to a byte array to be stored as a blob
-- method_id is the method used when creating the path
-- The paths map to the read_mapping_path table via that
-- table's path_id
CREATE TABLE paths (
   path_id INTEGER PRIMARY KEY,
   genoid INTEGER,
   method_id INTEGER,
   paths_data BLOB,
   UNIQUE(genoid, method_id)
);
[pool-1-thread-1] INFO net.maizegenetics.pangenome.db_loading.DBLoadingUtils - Connected to database:  

[pool-1-thread-1] INFO net.maizegenetics.plugindef.AbstractPlugin - Finished net.maizegenetics.pangenome.db_loading.GetDBConnectionPlugin: time: Feb 28, 2020 20:54:15
[pool-1-thread-1] INFO net.maizegenetics.plugindef.AbstractPlugin - Starting net.maizegenetics.pangenome.db_loading.LoadGenomeIntervalsToPHGdbPlugin: time: Feb 28, 2020 20:54:15
[pool-1-thread-1] INFO net.maizegenetics.pangenome.db_loading.LoadGenomeIntervalsToPHGdbPlugin - postProcessParameters: reading genomeDataFile: /tempFileDir/data/ref_load_data.txt
[pool-1-thread-1] INFO net.maizegenetics.pangenome.db_loading.LoadGenomeIntervalsToPHGdbPlugin - GenomeFile header line: Genotype	Hapnumber	Dataline	ploidy	genesPhased	chromsPhased	confidence	Method	MethodDetails
[pool-1-thread-1] INFO net.maizegenetics.plugindef.AbstractPlugin - 
LoadGenomeIntervalsToPHGdbPlugin Parameters
ref: /tempFileDir/data/reference/reference.fa
anchors: /tempFileDir/answer/intervals.bed
genomeData: /tempFileDir/data/ref_load_data.txt
outputDir: /tempFileDir/outputDir

[pool-1-thread-1] INFO net.maizegenetics.pangenome.db_loading.LoadGenomeIntervalsToPHGdbPlugin - LoadGenomeIntervaltoDBPlugin: have connection, create PHGdbAccess object
[pool-1-thread-1] INFO net.maizegenetics.pangenome.db_loading.PHGdbAccess - PHGdbAccess - db is setup, init prepared statements, load hash table

 beginning - isSqlite is true
[pool-1-thread-1] INFO net.maizegenetics.pangenome.db_loading.PHGdbAccess - before loading hash, size of all geneotypes in genotype table=0
[pool-1-thread-1] INFO net.maizegenetics.pangenome.db_loading.PHGdbAccess - refRangeRefRangeIDMap is null, creating new one with size : 0
[pool-1-thread-1] INFO net.maizegenetics.pangenome.db_loading.PHGdbAccess - loadAnchorHash: at end, size of refRangeRefRangeIDMap: 0, number of rs.next processed: 0
[pool-1-thread-1] INFO net.maizegenetics.pangenome.db_loading.PHGdbAccess - before loading hash, size of all methods in method table=0
[pool-1-thread-1] INFO net.maizegenetics.pangenome.db_loading.PHGdbAccess - before loading hash, size of all groups in gamete_groups table=0
[pool-1-thread-1] INFO net.maizegenetics.pangenome.db_loading.PHGdbAccess - before loading hash, size of all gametes in gametes table=0
[pool-1-thread-1] INFO net.maizegenetics.pangenome.db_loading.PHGdbAccess - before loading readMappingHash, size of all read_mappings in read_mapping table=0
Genome FASTA character conversion: ACGTNacgtn to ACGTNacgtn
[pool-1-thread-1] INFO net.maizegenetics.pangenome.db_loading.LoadGenomeIntervalsToPHGdbPlugin - LoadGenomeIntervaltoDBPlugin:  finished GenomeSequenceBUilder for ref genome
[pool-1-thread-1] INFO net.maizegenetics.pangenome.db_loading.LoadGenomeIntervalsToPHGdbPlugin - Total anchors for chrom -1: 0
[pool-1-thread-1] INFO net.maizegenetics.pangenome.db_loading.LoadGenomeIntervalsToPHGdbPlugin - Starting chrom 1A
[pool-1-thread-1] INFO net.maizegenetics.pangenome.db_loading.LoadGenomeIntervalsToPHGdbPlugin - Total anchors for chrom 1A: 4253
[pool-1-thread-1] INFO net.maizegenetics.pangenome.db_loading.LoadGenomeIntervalsToPHGdbPlugin - Starting chrom 1B
[pool-1-thread-1] INFO net.maizegenetics.pangenome.db_loading.LoadGenomeIntervalsToPHGdbPlugin - Total anchors for chrom 1B: 4615
[pool-1-thread-1] INFO net.maizegenetics.pangenome.db_loading.LoadGenomeIntervalsToPHGdbPlugin - Starting chrom 1D
[pool-1-thread-1] INFO net.maizegenetics.pangenome.db_loading.LoadGenomeIntervalsToPHGdbPlugin - Total anchors for chrom 1D: 4385
[pool-1-thread-1] INFO net.maizegenetics.pangenome.db_loading.LoadGenomeIntervalsToPHGdbPlugin - Anchor array created, load into DB ...
[pool-1-thread-1] INFO net.maizegenetics.pangenome.db_loading.PHGdbAccess - before loading hash, size of all geneotypes in genotype table=1
[pool-1-thread-1] INFO net.maizegenetics.pangenome.db_loading.PHGdbAccess - putGenoAndHaploTypeData: adding gamete for genoid 1, hapNumber 0
[pool-1-thread-1] INFO net.maizegenetics.pangenome.db_loading.PHGdbAccess - before loading hash, size of all gametes in gametes table=1
[pool-1-thread-1] INFO net.maizegenetics.pangenome.db_loading.PHGdbAccess - PHGdbAccess:putMethod: added method v5_gffGenes to methods table
[pool-1-thread-1] INFO net.maizegenetics.pangenome.db_loading.PHGdbAccess - before loading hash, size of all methods in method table=1
[pool-1-thread-1] INFO net.maizegenetics.pangenome.db_loading.PHGdbAccess - PHGdbAccess:putMethod: added method refRegionGroup to methods table
[pool-1-thread-1] INFO net.maizegenetics.pangenome.db_loading.PHGdbAccess - before loading hash, size of all methods in method table=2
[pool-1-thread-1] INFO net.maizegenetics.pangenome.db_loading.PHGdbAccess - before loading hash, size of all groups in gamete_groups table=1
[pool-1-thread-1] INFO net.maizegenetics.pangenome.db_loading.LoadGenomeIntervalsToPHGdbPlugin - mainProcessData: line has been added, load anchor data ...
[pool-1-thread-1] INFO net.maizegenetics.pangenome.db_loading.PHGdbAccess - putAllAnchors: size of adata list:13253
[pool-1-thread-1] INFO net.maizegenetics.pangenome.db_loading.PHGdbAccess - referenceRangesInsertPS.executeBatch() 10001
[pool-1-thread-1] INFO net.maizegenetics.pangenome.db_loading.PHGdbAccess - putAllAnchors - total count loaded : 13253
[pool-1-thread-1] INFO net.maizegenetics.pangenome.db_loading.PHGdbAccess - Creating new refRangeRefRangeIDMap bimap, old size: 0, new size: 13253
[pool-1-thread-1] INFO net.maizegenetics.pangenome.db_loading.PHGdbAccess - loadAnchorHash: at end, size of refRangeRefRangeIDMap: 13253, number of rs.next processed: 13253
[pool-1-thread-1] INFO net.maizegenetics.pangenome.db_loading.PHGdbAccess - after putAllAnchors size of all ranges in reference ranges table=13253, size of refRangeRefRangeIDMap=13253
[pool-1-thread-1] INFO net.maizegenetics.pangenome.db_loading.PHGdbAccess - refRangeRefRangeMethodInsertPS.executeBatch() 10001
[pool-1-thread-1] INFO net.maizegenetics.pangenome.db_loading.PHGdbAccess - putRefRangeRefRangeMethod: method_id 2, total count loaded : 13253
[pool-1-thread-1] INFO net.maizegenetics.pangenome.db_loading.PHGdbAccess - PHGdbAccess: putRefAnchorData: size of chromgenome_interval_idData: 13253
[pool-1-thread-1] INFO net.maizegenetics.pangenome.db_loading.PHGdbAccess - putRefAnchorData:  anchorMatchedTotal: 13253 number input: 13253
[pool-1-thread-1] INFO net.maizegenetics.pangenome.db_loading.PHGdbAccess - Begin putHaplotypesForGamete, number anchorSequences to load: 13253
[pool-1-thread-1] INFO net.maizegenetics.pangenome.db_loading.PHGdbAccess - putHaplotypes: starting to commit haplotypes
[pool-1-thread-1] INFO net.maizegenetics.pangenome.db_loading.PHGdbAccess - haplotypeInsertPS.executeBatch() 10001
[pool-1-thread-1] INFO net.maizegenetics.pangenome.db_loading.PHGdbAccess - putHaployptes - total count loaded to haplotypes table: 13253
[pool-1-thread-1] INFO net.maizegenetics.pangenome.db_loading.LoadGenomeIntervalsToPHGdbPlugin - Total interanchors for chrom 1A: 4253
[pool-1-thread-1] INFO net.maizegenetics.pangenome.db_loading.LoadGenomeIntervalsToPHGdbPlugin - Total interanchors for chrom 1B: 4616
[pool-1-thread-1] INFO net.maizegenetics.pangenome.db_loading.LoadGenomeIntervalsToPHGdbPlugin - Total interanchors for chrom 1D: 4386
[pool-1-thread-1] INFO net.maizegenetics.pangenome.db_loading.LoadGenomeIntervalsToPHGdbPlugin - Number with no interanchors: 1
[pool-1-thread-1] INFO net.maizegenetics.pangenome.db_loading.LoadGenomeIntervalsToPHGdbPlugin - 
Anchor array created, load into DB ... size of anchorMap: 13255
[pool-1-thread-1] INFO net.maizegenetics.pangenome.db_loading.PHGdbAccess - PHGdbAccess:putMethod: added method refInterRegionGroup to methods table
[pool-1-thread-1] INFO net.maizegenetics.pangenome.db_loading.PHGdbAccess - before loading hash, size of all methods in method table=3
[pool-1-thread-1] INFO net.maizegenetics.pangenome.db_loading.PHGdbAccess - putAllAnchors: size of adata list:13255
[pool-1-thread-1] INFO net.maizegenetics.pangenome.db_loading.PHGdbAccess - referenceRangesInsertPS.executeBatch() 10001
[pool-1-thread-1] INFO net.maizegenetics.pangenome.db_loading.PHGdbAccess - putAllAnchors - total count loaded : 13255
[pool-1-thread-1] INFO net.maizegenetics.pangenome.db_loading.PHGdbAccess - loadAnchorHash: at end, size of refRangeRefRangeIDMap: 26508, number of rs.next processed: 26508
[pool-1-thread-1] INFO net.maizegenetics.pangenome.db_loading.PHGdbAccess - after putAllAnchors size of all ranges in reference ranges table=26508, size of refRangeRefRangeIDMap=26508
[pool-1-thread-1] INFO net.maizegenetics.pangenome.db_loading.PHGdbAccess - refRangeRefRangeMethodInsertPS.executeBatch() 10001
[pool-1-thread-1] INFO net.maizegenetics.pangenome.db_loading.PHGdbAccess - putRefRangeRefRangeMethod: method_id 3, total count loaded : 13255
[pool-1-thread-1] INFO net.maizegenetics.pangenome.db_loading.PHGdbAccess - PHGdbAccess: putRefAnchorData: size of chromgenome_interval_idData: 13255
[pool-1-thread-1] INFO net.maizegenetics.pangenome.db_loading.PHGdbAccess - putRefAnchorData:  anchorMatchedTotal: 13255 number input: 13255
[pool-1-thread-1] INFO net.maizegenetics.pangenome.db_loading.PHGdbAccess - Begin putHaplotypesForGamete, number anchorSequences to load: 13255
[pool-1-thread-1] INFO net.maizegenetics.pangenome.db_loading.PHGdbAccess - putHaplotypes: starting to commit haplotypes
[pool-1-thread-1] INFO net.maizegenetics.pangenome.db_loading.PHGdbAccess - haplotypeInsertPS.executeBatch() 10001
[pool-1-thread-1] INFO net.maizegenetics.pangenome.db_loading.PHGdbAccess - putHaployptes - total count loaded to haplotypes table: 13255
[pool-1-thread-1] INFO net.maizegenetics.pangenome.db_loading.LoadGenomeIntervalsToPHGdbPlugin - Time to load create and load inter-anchors: 332.177835438 seconds
[pool-1-thread-1] INFO net.maizegenetics.pangenome.db_loading.PHGdbAccess - putAlleleData: total loaded to alleles table: 3905
[pool-1-thread-1] INFO net.maizegenetics.pangenome.db_loading.PHGdbAccess - PHGdbAccess:loadAlleleHash: added string NONE to alleles table
[pool-1-thread-1] INFO net.maizegenetics.pangenome.db_loading.PHGdbAccess - Closing DB
[pool-1-thread-1] INFO net.maizegenetics.pangenome.db_loading.LoadGenomeIntervalsToPHGdbPlugin - 
Finished, TotalTime for LoadGenomeIntervalsToPHGdbPlugin was 399.977225741 seconds
[pool-1-thread-1] INFO net.maizegenetics.plugindef.AbstractPlugin - Finished net.maizegenetics.pangenome.db_loading.LoadGenomeIntervalsToPHGdbPlugin: time: Feb 28, 2020 21:00:56
[pool-1-thread-1] INFO net.maizegenetics.pipeline.TasselPipeline - net.maizegenetics.pangenome.db_loading.LoadGenomeIntervalsToPHGdbPlugin: time: Feb 28, 2020 21:00:56: progress: 100%
[pool-1-thread-1] INFO net.maizegenetics.plugindef.AbstractPlugin - net.maizegenetics.pangenome.db_loading.LoadGenomeIntervalsToPHGdbPlugin  Citation: Bradbury PJ, Zhang Z, Kroon DE, Casstevens TM, Ramdoss Y, Buckler ES. (2007) TASSEL: Software for association mapping of complex traits in diverse samples. Bioinformatics 23:2633-2635.
[pool-1-thread-1] INFO net.maizegenetics.pipeline.TasselPipeline - net.maizegenetics.pangenome.db_loading.GetDBConnectionPlugin: time: Feb 28, 2020 21:00:56: progress: 100%
/tassel-5-standalone/lib/ahocorasick-0.2.4.jar:/tassel-5-standalone/lib/biojava-alignment-4.0.0.jar:/tassel-5-standalone/lib/biojava-core-4.0.0.jar:/tassel-5-standalone/lib/biojava-phylo-4.0.0.jar:/tassel-5-standalone/lib/colt-1.2.0.jar:/tassel-5-standalone/lib/commons-codec-1.10.jar:/tassel-5-standalone/lib/commons-math3-3.4.1.jar:/tassel-5-standalone/lib/ejml-0.23.jar:/tassel-5-standalone/lib/fastutil-8.2.2.jar:/tassel-5-standalone/lib/forester-1.038.jar:/tassel-5-standalone/lib/gs-core-1.3.jar:/tassel-5-standalone/lib/gs-ui-1.3.jar:/tassel-5-standalone/lib/guava-22.0.jar:/tassel-5-standalone/lib/htsjdk-2.19.0.jar:/tassel-5-standalone/lib/itextpdf-5.1.0.jar:/tassel-5-standalone/lib/javax.json-1.0.4.jar:/tassel-5-standalone/lib/jcommon-1.0.23.jar:/tassel-5-standalone/lib/jfreechart-1.0.19.jar:/tassel-5-standalone/lib/jfreesvg-3.2.jar:/tassel-5-standalone/lib/jhdf5-14.12.5.jar:/tassel-5-standalone/lib/json-simple-1.1.1.jar:/tassel-5-standalone/lib/junit-4.10.jar:/tassel-5-standalone/lib/kotlin-stdlib-1.3.50.jar:/tassel-5-standalone/lib/kotlinx-coroutines-core-1.3.0.jar:/tassel-5-standalone/lib/log4j-1.2.13.jar:/tassel-5-standalone/lib/mail-1.4.jar:/tassel-5-standalone/lib/phg.jar:/tassel-5-standalone/lib/postgresql-9.4-1201.jdbc41.jar:/tassel-5-standalone/lib/scala-library-2.10.1.jar:/tassel-5-standalone/lib/slf4j-api-1.7.10.jar:/tassel-5-standalone/lib/slf4j-simple-1.7.10.jar:/tassel-5-standalone/lib/snappy-java-1.1.1.6.jar:/tassel-5-standalone/lib/sqlite-jdbc-3.8.5-pre1.jar:/tassel-5-standalone/lib/trove-3.0.3.jar:/tassel-5-standalone/sTASSEL.jar
Memory Settings: -Xms512m -Xmx60G
Tassel Pipeline Arguments: -debug -configParameters /tempFileDir/data/config.txt -LiquibaseUpdatePlugin -outputDir /tempFileDir/outputDir -command changeLogSync -endPlugin
[main] INFO net.maizegenetics.plugindef.ParameterCache - load: loading parameter cache with: /tempFileDir/data/config.txt
[main] INFO net.maizegenetics.plugindef.ParameterCache - ParameterCache: key: password value: sqlite
[main] INFO net.maizegenetics.plugindef.ParameterCache - ParameterCache: key: LoadHaplotypesFromGVCFPlugin.referenceFasta value: /tempFileDir/data/reference/wheat_chr1A1B1D.fa
[main] INFO net.maizegenetics.plugindef.ParameterCache - ParameterCache: key: LoadHaplotypesFromGVCFPlugin.haplotypeMethodDescription value: "groovy from gvcf"
[main] INFO net.maizegenetics.plugindef.ParameterCache - ParameterCache: key: numThreads value: 10
[main] INFO net.maizegenetics.plugindef.ParameterCache - ParameterCache: key: LoadHaplotypesFromGVCFPlugin.gvcfDir value: /tempFileDir/data/outputs/gvcfs/
[main] INFO net.maizegenetics.plugindef.ParameterCache - ParameterCache: key: Xmx value: 60G
[main] INFO net.maizegenetics.plugindef.ParameterCache - ParameterCache: key: extendedWindowSize value: 1000
[main] INFO net.maizegenetics.plugindef.ParameterCache - ParameterCache: key: minTransitionProb value: 0.001
[main] INFO net.maizegenetics.plugindef.ParameterCache - ParameterCache: key: referenceFasta value: /tempFileDir/data/reference/wheat_chr1A1B1D.fa
[main] INFO net.maizegenetics.plugindef.ParameterCache - ParameterCache: key: LoadHaplotypesFromGVCFPlugin.haplotypeMethodName value: HAPLOTYPES_METHOD
[main] INFO net.maizegenetics.plugindef.ParameterCache - ParameterCache: key: minReads value: 0
[main] INFO net.maizegenetics.plugindef.ParameterCache - ParameterCache: key: host value: localHost
[main] INFO net.maizegenetics.plugindef.ParameterCache - ParameterCache: key: DBtype value: sqlite
[main] INFO net.maizegenetics.plugindef.ParameterCache - ParameterCache: key: includeVariants value: true
[main] INFO net.maizegenetics.plugindef.ParameterCache - ParameterCache: key: probCorrect value: 0.99
[main] INFO net.maizegenetics.plugindef.ParameterCache - ParameterCache: key: BestHaplotypePathPlugin.minTaxa value: 1
[main] INFO net.maizegenetics.plugindef.ParameterCache - ParameterCache: key: DB value: /tempFileDir/outputDir/group3_wheat1A1B1D.db
[main] INFO net.maizegenetics.plugindef.ParameterCache - ParameterCache: key: configFile value: /tempFileDir/data/config.txt
[main] INFO net.maizegenetics.plugindef.ParameterCache - ParameterCache: key: maxReads value: 100
[main] INFO net.maizegenetics.plugindef.ParameterCache - ParameterCache: key: maxNodes value: 30
[main] INFO net.maizegenetics.plugindef.ParameterCache - ParameterCache: key: LoadHaplotypesFromGVCFPlugin.keyFile value: /tempFileDir/data/asub_gvcf_keyfile.txt
[main] INFO net.maizegenetics.plugindef.ParameterCache - ParameterCache: key: maxError value: 0.2
[main] INFO net.maizegenetics.plugindef.ParameterCache - ParameterCache: key: assemblyEntryPoint value: all
[main] INFO net.maizegenetics.plugindef.ParameterCache - ParameterCache: key: mxDiv value: .001
[main] INFO net.maizegenetics.plugindef.ParameterCache - ParameterCache: key: user value: sqlite
[main] INFO net.maizegenetics.tassel.TasselLogging - Tassel Version: 5.2.60  Date: February 20, 2020
[main] INFO net.maizegenetics.tassel.TasselLogging - Max Available Memory Reported by JVM: 54613 MB
[main] INFO net.maizegenetics.tassel.TasselLogging - Java Version: 1.8.0_191
[main] INFO net.maizegenetics.tassel.TasselLogging - OS: Linux
[main] INFO net.maizegenetics.tassel.TasselLogging - Number of Processors: 16
[main] INFO net.maizegenetics.pipeline.TasselPipeline - Tassel Pipeline Arguments: [-fork1, -LiquibaseUpdatePlugin, -outputDir, /tempFileDir/outputDir, -command, changeLogSync, -endPlugin, -runfork1]
net.maizegenetics.pangenome.liquibase.LiquibaseUpdatePlugin
[pool-1-thread-1] INFO net.maizegenetics.plugindef.AbstractPlugin - Starting net.maizegenetics.pangenome.liquibase.LiquibaseUpdatePlugin: time: Feb 28, 2020 21:00:58
[pool-1-thread-1] INFO net.maizegenetics.plugindef.AbstractPlugin - 
LiquibaseUpdatePlugin Parameters
outputDir: /tempFileDir/outputDir
command: changeLogSync

[pool-1-thread-1] INFO net.maizegenetics.pangenome.liquibase.LiquibaseUpdatePlugin - Please wait, begin Command:liquibase --driver=org.sqlite.JDBC --url=jdbc:sqlite:/tempFileDir/outputDir/group3_wheat1A1B1D.db --username=sqlite --password=sqlite --changeLogFile=/liquibase/changelogs/db.changelog-master.xml changeLogSync
[pool-1-thread-1] INFO net.maizegenetics.plugindef.AbstractPlugin - Finished net.maizegenetics.pangenome.liquibase.LiquibaseUpdatePlugin: time: Feb 28, 2020 21:01:3
[pool-1-thread-1] INFO net.maizegenetics.pipeline.TasselPipeline - net.maizegenetics.pangenome.liquibase.LiquibaseUpdatePlugin: time: Feb 28, 2020 21:01:3: progress: 100%
[pool-1-thread-1] INFO net.maizegenetics.plugindef.AbstractPlugin - net.maizegenetics.pangenome.liquibase.LiquibaseUpdatePlugin  Citation: Bradbury PJ, Zhang Z, Kroon DE, Casstevens TM, Ramdoss Y, Buckler ES. (2007) TASSEL: Software for association mapping of complex traits in diverse samples. Bioinformatics 23:2633-2635.
